{"level":"debug","message":"Mongoose default connection disconnected","timestamp":"2016-11-27T09:25:40.176Z"}
{"level":"debug","message":"Redis server is connect now.","timestamp":"2016-11-27T09:28:51.221Z"}
{"level":"debug","message":"Mongoose default connection open to  mongodb://localhost:27017/IssueTrackerDb","timestamp":"2016-11-27T09:28:51.229Z"}
{"level":"debug","message":"Entering monitoring mode.","timestamp":"2016-11-27T09:28:51.234Z"}
{"level":"debug","message":"Mongoose default connection disconnected","timestamp":"2016-11-27T09:29:15.883Z"}
{"level":"debug","message":"Redis server is connect now.","timestamp":"2016-11-27T09:29:31.865Z"}
{"level":"debug","message":"Mongoose default connection open to  mongodb://localhost:27017/IssueTrackerDb","timestamp":"2016-11-27T09:29:31.872Z"}
{"level":"debug","message":"Entering monitoring mode.","timestamp":"2016-11-27T09:29:31.878Z"}
{"level":"debug","message":"Mongoose default connection disconnected","timestamp":"2016-11-27T09:30:34.519Z"}
{"level":"debug","message":"Redis server is connect now.","timestamp":"2016-11-27T09:30:59.720Z"}
{"level":"debug","message":"Mongoose default connection open to  mongodb://localhost:27017/IssueTrackerDb","timestamp":"2016-11-27T09:30:59.727Z"}
{"level":"debug","message":"Entering monitoring mode.","timestamp":"2016-11-27T09:30:59.732Z"}
{"level":"debug","message":"Mongoose default connection disconnected","timestamp":"2016-11-27T09:32:16.837Z"}
{"level":"debug","message":"Redis server is connect now.","timestamp":"2016-11-27T09:34:36.425Z"}
{"level":"debug","message":"Mongoose default connection open to  mongodb://localhost:27017/IssueTrackerDb","timestamp":"2016-11-27T09:34:36.436Z"}
{"level":"debug","message":"Entering monitoring mode.","timestamp":"2016-11-27T09:34:36.446Z"}
{"level":"debug","message":"Mongoose default connection disconnected","timestamp":"2016-11-27T09:34:40.049Z"}
{"level":"debug","message":"Redis server is connect now.","timestamp":"2016-11-27T09:35:44.221Z"}
{"level":"debug","message":"Mongoose default connection open to  mongodb://localhost:27017/IssueTrackerDb","timestamp":"2016-11-27T09:35:44.228Z"}
{"level":"debug","message":"Entering monitoring mode.","timestamp":"2016-11-27T09:35:44.234Z"}
{"level":"debug","message":"Mongoose default connection disconnected","timestamp":"2016-11-27T09:36:07.001Z"}
{"level":"debug","message":"Redis server is connect now.","timestamp":"2016-11-27T10:19:24.223Z"}
{"level":"debug","message":"Mongoose default connection open to  mongodb://localhost:27017/IssueTrackerDb","timestamp":"2016-11-27T10:19:24.230Z"}
{"level":"debug","message":"Entering monitoring mode.","timestamp":"2016-11-27T10:19:24.236Z"}
{"level":"debug","message":"Mongoose default connection disconnected","timestamp":"2016-11-27T10:19:28.738Z"}
{"level":"debug","message":"Redis server is connect now.","timestamp":"2016-11-27T10:19:55.570Z"}
{"level":"debug","message":"Mongoose default connection open to  mongodb://localhost:27017/IssueTrackerDb","timestamp":"2016-11-27T10:19:55.577Z"}
{"level":"debug","message":"Entering monitoring mode.","timestamp":"2016-11-27T10:19:55.582Z"}
{"level":"debug","message":"Mongoose default connection disconnected","timestamp":"2016-11-27T10:20:14.238Z"}
{"level":"debug","message":"Redis server is connect now.","timestamp":"2016-11-28T15:56:18.847Z"}
{"level":"debug","message":"Mongoose default connection open to  mongodb://localhost:27017/IssueTrackerDb","timestamp":"2016-11-28T15:56:18.859Z"}
{"level":"debug","message":"Entering monitoring mode.","timestamp":"2016-11-28T15:56:18.864Z"}
{"level":"debug","message":"Mongoose default connection disconnected","timestamp":"2016-11-28T15:56:24.031Z"}
{"level":"debug","message":"Redis server is connect now.","timestamp":"2016-11-29T17:12:26.995Z"}
{"level":"debug","message":"Mongoose default connection open to  mongodb://localhost:27017/IssueTrackerDb","timestamp":"2016-11-29T17:12:27.002Z"}
{"level":"debug","message":"Entering monitoring mode.","timestamp":"2016-11-29T17:12:27.008Z"}
{"level":"debug","message":"Redis server is connect now.","timestamp":"2016-11-29T17:12:42.314Z"}
{"level":"debug","message":"Mongoose default connection open to  mongodb://localhost:27017/IssueTrackerDb","timestamp":"2016-11-29T17:12:42.323Z"}
{"level":"debug","message":"Entering monitoring mode.","timestamp":"2016-11-29T17:12:42.332Z"}
{"level":"debug","message":"Mongoose default connection disconnected","timestamp":"2016-11-29T17:12:45.967Z"}
{"level":"debug","message":"Redis server is connect now.","timestamp":"2016-11-29T17:12:48.244Z"}
{"level":"debug","message":"Mongoose default connection open to  mongodb://localhost:27017/IssueTrackerDb","timestamp":"2016-11-29T17:12:48.254Z"}
{"level":"debug","message":"Entering monitoring mode.","timestamp":"2016-11-29T17:12:48.259Z"}
{"level":"debug","message":"Server runing at 9000","timestamp":"2016-11-29T17:13:52.205Z"}
{"level":"debug","message":"Redis server is connect now.","timestamp":"2016-11-29T17:13:52.210Z"}
{"level":"debug","message":"Entering monitoring mode.","timestamp":"2016-11-29T17:13:52.219Z"}
{"level":"debug","message":"Mongoose default connection open to  mongodb://localhost:27017/IssueTrackerDb","timestamp":"2016-11-29T17:13:52.225Z"}
{"level":"info","message":"[/favicon.ico] http-response-time=7.106424ms ","timestamp":"2016-11-29T17:14:06.561Z"}
{"level":"info","message":"[/login] http-response-time=90.095303ms ","timestamp":"2016-11-29T17:14:13.915Z"}
{"level":"info","message":"[/favicon.ico] http-response-time=3.3044719999999996ms ","timestamp":"2016-11-29T17:14:13.958Z"}
{"level":"debug","message":"1480439653.956531: [ 'get', 'allModules' ]","timestamp":"2016-11-29T17:14:13.967Z"}
{"level":"info","message":"[/modules] http-response-time=26.668751ms ","timestamp":"2016-11-29T17:14:13.980Z"}
{"level":"debug","message":"1480439653.978838: [ 'setex',\n  'allModules',\n  '120',\n  '{\"Status\":\"success\",\"Count\":4,\"objdata\":[{\"_id\":\"57eceebcf0dfe3df542252b9\",\"MenuName\":\"Users\",\"MenuRoute\":\"/users\"},{\"_id\":\"57ecef2cf0dfe3df542252ba\",\"MenuName\":\"Projects\",\"MenuRoute\":\"/projects\"},{\"_id\":\"57ecef3cf0dfe3df542252bb\",\"MenuName\":\"Issues\",\"MenuRoute\":\"/dynamictable\"},{\"_id\":\"57ecef45f0dfe3df542252bc\",\"MenuName\":\"Module\",\"MenuRoute\":\"/modules\"}]}' ]","timestamp":"2016-11-29T17:14:13.981Z"}
{"level":"info","message":"[/favicon.ico] http-response-time=2.169459ms ","timestamp":"2016-11-29T17:14:16.225Z"}
{"level":"info","message":"[/project] http-response-time=33.07739ms ","timestamp":"2016-11-29T17:14:16.319Z"}
{"level":"info","message":"[/name/Dale] http-response-time=29.203265ms ","timestamp":"2016-11-29T17:14:22.872Z"}
{"level":"info","message":"[/favicon.ico] http-response-time=0.975482ms ","timestamp":"2016-11-29T17:14:22.950Z"}
{"level":"info","message":"[/name/Randi] http-response-time=16.712122ms ","timestamp":"2016-11-29T17:14:37.233Z"}
{"level":"info","message":"[/favicon.ico] http-response-time=2.8523419999999997ms ","timestamp":"2016-11-29T17:14:37.273Z"}
{"level":"info","message":"[/name/88] http-response-time=9.036824ms ","timestamp":"2016-11-29T17:14:44.311Z"}
{"level":"info","message":"[/favicon.ico] http-response-time=0.425799ms ","timestamp":"2016-11-29T17:14:44.352Z"}
{"level":"info","message":"[/name/Adela] http-response-time=6.568257999999999ms ","timestamp":"2016-11-29T17:14:56.792Z"}
{"level":"info","message":"[/favicon.ico] http-response-time=2.5747549999999997ms ","timestamp":"2016-11-29T17:14:56.879Z"}
{"level":"info","message":"[/name/28] http-response-time=21.244044ms ","timestamp":"2016-11-29T17:15:06.151Z"}
{"level":"info","message":"[/favicon.ico] http-response-time=0.724772ms ","timestamp":"2016-11-29T17:15:06.217Z"}
{"level":"debug","message":"Server runing at 9000","timestamp":"2016-11-29T17:15:25.232Z"}
{"level":"debug","message":"Redis server is connect now.","timestamp":"2016-11-29T17:15:25.237Z"}
{"level":"debug","message":"Entering monitoring mode.","timestamp":"2016-11-29T17:15:25.246Z"}
{"level":"debug","message":"Mongoose default connection open to  mongodb://localhost:27017/IssueTrackerDb","timestamp":"2016-11-29T17:15:25.252Z"}
{"level":"debug","message":"Server runing at 9000","timestamp":"2016-11-29T17:15:40.595Z"}
{"level":"debug","message":"Redis server is connect now.","timestamp":"2016-11-29T17:15:40.600Z"}
{"level":"debug","message":"Entering monitoring mode.","timestamp":"2016-11-29T17:15:40.636Z"}
{"level":"debug","message":"Mongoose default connection open to  mongodb://localhost:27017/IssueTrackerDb","timestamp":"2016-11-29T17:15:40.643Z"}
{"level":"info","message":"[/name/28] http-response-time=25.697958999999997ms ","timestamp":"2016-11-29T17:15:43.501Z"}
{"level":"info","message":"[/favicon.ico] http-response-time=4.862899ms ","timestamp":"2016-11-29T17:15:43.590Z"}
{"level":"debug","message":"Mongoose default connection disconnected","timestamp":"2016-11-29T17:29:58.811Z"}
